2023-01-08 12:45:10,144 - freqtrade.loggers - INFO - Verbosity set to 0
2023-01-08 12:45:10,145 - freqtrade.configuration.configuration - INFO - Runmode set to dry_run.
2023-01-08 12:45:10,146 - freqtrade.configuration.configuration - INFO - Parameter --db-url detected ...
2023-01-08 12:45:10,147 - freqtrade.configuration.configuration - INFO - Dry run is enabled
2023-01-08 12:45:10,148 - freqtrade.configuration.configuration - INFO - Using DB: "sqlite:////freqtrade/user_data/tradesv3.sqlite"
2023-01-08 12:45:10,149 - freqtrade.configuration.configuration - INFO - Using max_open_trades: 3 ...
2023-01-08 12:45:10,218 - freqtrade.configuration.configuration - INFO - Using user-data directory: /freqtrade/user_data ...
2023-01-08 12:45:10,220 - freqtrade.configuration.configuration - INFO - Using data directory: /freqtrade/user_data/data/binance ...
2023-01-08 12:45:10,222 - freqtrade.exchange.check_exchange - INFO - Checking exchange...
2023-01-08 12:45:10,233 - freqtrade.exchange.check_exchange - INFO - Exchange "binance" is officially supported by the Freqtrade development team.
2023-01-08 12:45:10,234 - freqtrade.configuration.configuration - INFO - Using pairlist from configuration.
2023-01-08 12:45:10,268 - freqtrade.resolvers.iresolver - INFO - Using resolved strategy SampleStrategy from '/freqtrade/user_data/strategies/sample_strategy.py'...
2023-01-08 12:45:10,270 - freqtrade.strategy.hyper - INFO - Found no parameter file.
2023-01-08 12:45:10,271 - freqtrade.resolvers.strategy_resolver - INFO - Override strategy 'stake_currency' with value in config file: USDT.
2023-01-08 12:45:10,272 - freqtrade.resolvers.strategy_resolver - INFO - Override strategy 'stake_amount' with value in config file: unlimited.
2023-01-08 12:45:10,272 - freqtrade.resolvers.strategy_resolver - INFO - Override strategy 'unfilledtimeout' with value in config file: {'entry': 10, 'exit': 10, 'exit_timeout_count': 0, 'unit': 'minutes'}.
2023-01-08 12:45:10,273 - freqtrade.resolvers.strategy_resolver - INFO - Strategy using minimal_roi: {'60': 0.01, '30': 0.02, '0': 0.04}
2023-01-08 12:45:10,274 - freqtrade.resolvers.strategy_resolver - INFO - Strategy using timeframe: 5m
2023-01-08 12:45:10,274 - freqtrade.resolvers.strategy_resolver - INFO - Strategy using stoploss: -0.1
2023-01-08 12:45:10,275 - freqtrade.resolvers.strategy_resolver - INFO - Strategy using trailing_stop: False
2023-01-08 12:45:10,276 - freqtrade.resolvers.strategy_resolver - INFO - Strategy using trailing_stop_positive_offset: 0.0
2023-01-08 12:45:10,277 - freqtrade.resolvers.strategy_resolver - INFO - Strategy using trailing_only_offset_is_reached: False
2023-01-08 12:45:10,277 - freqtrade.resolvers.strategy_resolver - INFO - Strategy using use_custom_stoploss: False
2023-01-08 12:45:10,278 - freqtrade.resolvers.strategy_resolver - INFO - Strategy using process_only_new_candles: True
2023-01-08 12:45:10,279 - freqtrade.resolvers.strategy_resolver - INFO - Strategy using order_types: {'entry': 'limit', 'exit': 'limit', 'stoploss': 'market', 'stoploss_on_exchange': False}
2023-01-08 12:45:10,279 - freqtrade.resolvers.strategy_resolver - INFO - Strategy using order_time_in_force: {'entry': 'GTC', 'exit': 'GTC'}
2023-01-08 12:45:10,280 - freqtrade.resolvers.strategy_resolver - INFO - Strategy using stake_currency: USDT
2023-01-08 12:45:10,281 - freqtrade.resolvers.strategy_resolver - INFO - Strategy using stake_amount: unlimited
2023-01-08 12:45:10,282 - freqtrade.resolvers.strategy_resolver - INFO - Strategy using protections: []
2023-01-08 12:45:10,282 - freqtrade.resolvers.strategy_resolver - INFO - Strategy using startup_candle_count: 30
2023-01-08 12:45:10,283 - freqtrade.resolvers.strategy_resolver - INFO - Strategy using unfilledtimeout: {'entry': 10, 'exit': 10, 'exit_timeout_count': 0, 'unit': 'minutes'}
2023-01-08 12:45:10,284 - freqtrade.resolvers.strategy_resolver - INFO - Strategy using use_exit_signal: True
2023-01-08 12:45:10,285 - freqtrade.resolvers.strategy_resolver - INFO - Strategy using exit_profit_only: False
2023-01-08 12:45:10,285 - freqtrade.resolvers.strategy_resolver - INFO - Strategy using ignore_roi_if_entry_signal: False
2023-01-08 12:45:10,286 - freqtrade.resolvers.strategy_resolver - INFO - Strategy using exit_profit_offset: 0.0
2023-01-08 12:45:10,287 - freqtrade.resolvers.strategy_resolver - INFO - Strategy using disable_dataframe_checks: False
2023-01-08 12:45:10,288 - freqtrade.resolvers.strategy_resolver - INFO - Strategy using ignore_buying_expired_candle_after: 0
2023-01-08 12:45:10,288 - freqtrade.resolvers.strategy_resolver - INFO - Strategy using position_adjustment_enable: False
2023-01-08 12:45:10,289 - freqtrade.resolvers.strategy_resolver - INFO - Strategy using max_entry_position_adjustment: -1
2023-01-08 12:45:10,290 - freqtrade.configuration.config_validation - INFO - Validating configuration ...
2023-01-08 12:45:10,295 - freqtrade.exchange.exchange - INFO - Instance is running with dry_run enabled
2023-01-08 12:45:10,295 - freqtrade.exchange.exchange - INFO - Using CCXT 2.4.60
2023-01-08 12:45:10,317 - freqtrade.exchange.exchange - INFO - Using Exchange "Binance"
2023-01-08 12:45:11,610 - freqtrade.resolvers.exchange_resolver - INFO - Using resolved exchange 'Binance'...
2023-01-08 12:45:12,908 - freqtrade.wallets - INFO - Wallets synced.
2023-01-08 12:45:12,922 - freqtrade.resolvers.iresolver - INFO - Using resolved pairlist VolumePairList from '/freqtrade/freqtrade/plugins/pairlist/VolumePairList.py'...
2023-01-08 12:45:13,130 - freqtrade.resolvers.iresolver - INFO - Using resolved pairlist VolumePairList from '/freqtrade/freqtrade/plugins/pairlist/VolumePairList.py'...
2023-01-08 12:45:13,742 - VolumePairList - INFO - Pair BNB/USDT in your blacklist. Removing it from whitelist...
2023-01-08 12:45:13,769 - freqtrade.plugins.pairlistmanager - INFO - Whitelist with 20 pairs: ['BTC/USDT', 'BUSD/USDT', 'ETH/USDT', 'XRP/USDT', 'SOL/USDT', 'FET/USDT', 'ADA/USDT', 'LTC/USDT', 'GALA/USDT', 'ETC/USDT', 'DOGE/USDT', 'SAND/USDT', 'TRX/USDT', 'MATIC/USDT', 'OP/USDT', 'FIL/USDT', 'APE/USDT', 'LDO/USDT', 'CTXC/USDT', 'SHIB/USDT']
2023-01-08 12:45:13,771 - freqtrade.strategy.hyper - INFO - No params for buy found, using default values.
2023-01-08 12:45:13,772 - freqtrade.strategy.hyper - INFO - Strategy Parameter(default): buy_rsi = 30
2023-01-08 12:45:13,774 - freqtrade.strategy.hyper - INFO - Strategy Parameter(default): exit_short_rsi = 30
2023-01-08 12:45:13,776 - freqtrade.strategy.hyper - INFO - No params for sell found, using default values.
2023-01-08 12:45:13,778 - freqtrade.strategy.hyper - INFO - Strategy Parameter(default): sell_rsi = 70
2023-01-08 12:45:13,780 - freqtrade.strategy.hyper - INFO - Strategy Parameter(default): short_rsi = 70
2023-01-08 12:45:13,781 - freqtrade.strategy.hyper - INFO - No params for protection found, using default values.
2023-01-08 12:45:13,783 - freqtrade.plugins.protectionmanager - INFO - No protection Handlers defined.
2023-01-08 12:45:13,785 - freqtrade.rpc.rpc_manager - INFO - Sending rpc message: {'type': status, 'status': 'running'}
2023-01-08 12:45:13,786 - freqtrade.worker - INFO - Changing state to: RUNNING
2023-01-08 12:45:13,788 - freqtrade.rpc.rpc_manager - INFO - Sending rpc message: {'type': warning, 'status': 'Dry run is enabled. All trades are simulated.'}
2023-01-08 12:45:13,789 - freqtrade.rpc.rpc_manager - INFO - Sending rpc message: {'type': startup, 'status': "*Exchange:* `binance`\n*Stake per trade:* `unlimited USDT`\n*Minimum ROI:* `{'60': 0.01, '30': 0.02, '0': 0.04}`\n*Stoploss:* `-0.1`\n*Position adjustment:* `Off`\n*Timeframe:* `5m`\n*Strategy:* `SampleStrategy`"}
2023-01-08 12:45:13,791 - freqtrade.rpc.rpc_manager - INFO - Sending rpc message: {'type': startup, 'status': "Searching for USDT pairs to buy and sell based on [{'VolumePairList': 'VolumePairList - top 20 volume pairs.'}]"}
2023-01-08 12:45:18,840 - freqtrade.worker - INFO - Bot heartbeat. PID=1, version='2022.12', state='RUNNING'
2023-01-08 12:46:18,871 - freqtrade.worker - INFO - Bot heartbeat. PID=1, version='2022.12', state='RUNNING'
2023-01-08 12:47:18,903 - freqtrade.worker - INFO - Bot heartbeat. PID=1, version='2022.12', state='RUNNING'
2023-01-08 12:48:18,935 - freqtrade.worker - INFO - Bot heartbeat. PID=1, version='2022.12', state='RUNNING'
2023-01-08 12:49:18,967 - freqtrade.worker - INFO - Bot heartbeat. PID=1, version='2022.12', state='RUNNING'
2023-01-08 12:50:21,012 - freqtrade.worker - INFO - Bot heartbeat. PID=1, version='2022.12', state='RUNNING'
2023-01-08 12:51:21,047 - freqtrade.worker - INFO - Bot heartbeat. PID=1, version='2022.12', state='RUNNING'
2023-01-08 12:52:21,081 - freqtrade.worker - INFO - Bot heartbeat. PID=1, version='2022.12', state='RUNNING'
2023-01-08 12:53:21,116 - freqtrade.worker - INFO - Bot heartbeat. PID=1, version='2022.12', state='RUNNING'
2023-01-08 12:54:21,149 - freqtrade.worker - INFO - Bot heartbeat. PID=1, version='2022.12', state='RUNNING'
2023-01-08 12:55:26,018 - freqtrade.worker - INFO - Bot heartbeat. PID=1, version='2022.12', state='RUNNING'
2023-01-08 12:56:26,053 - freqtrade.worker - INFO - Bot heartbeat. PID=1, version='2022.12', state='RUNNING'
2023-01-08 12:57:26,084 - freqtrade.worker - INFO - Bot heartbeat. PID=1, version='2022.12', state='RUNNING'
2023-01-08 12:58:26,118 - freqtrade.worker - INFO - Bot heartbeat. PID=1, version='2022.12', state='RUNNING'
2023-01-08 12:59:26,152 - freqtrade.worker - INFO - Bot heartbeat. PID=1, version='2022.12', state='RUNNING'
2023-01-08 13:00:31,020 - freqtrade.worker - INFO - Bot heartbeat. PID=1, version='2022.12', state='RUNNING'
2023-01-08 13:01:31,054 - freqtrade.worker - INFO - Bot heartbeat. PID=1, version='2022.12', state='RUNNING'
2023-01-08 13:02:31,087 - freqtrade.worker - INFO - Bot heartbeat. PID=1, version='2022.12', state='RUNNING'
2023-01-08 13:03:31,122 - freqtrade.worker - INFO - Bot heartbeat. PID=1, version='2022.12', state='RUNNING'
2023-01-08 13:04:31,158 - freqtrade.worker - INFO - Bot heartbeat. PID=1, version='2022.12', state='RUNNING'
2023-01-08 13:05:36,021 - freqtrade.worker - INFO - Bot heartbeat. PID=1, version='2022.12', state='RUNNING'
2023-01-08 13:06:36,052 - freqtrade.worker - INFO - Bot heartbeat. PID=1, version='2022.12', state='RUNNING'
2023-01-08 13:07:36,085 - freqtrade.worker - INFO - Bot heartbeat. PID=1, version='2022.12', state='RUNNING'
2023-01-08 13:08:36,120 - freqtrade.worker - INFO - Bot heartbeat. PID=1, version='2022.12', state='RUNNING'
2023-01-08 13:09:36,160 - freqtrade.worker - INFO - Bot heartbeat. PID=1, version='2022.12', state='RUNNING'
2023-01-08 13:10:41,026 - freqtrade.worker - INFO - Bot heartbeat. PID=1, version='2022.12', state='RUNNING'
2023-01-08 13:11:41,060 - freqtrade.worker - INFO - Bot heartbeat. PID=1, version='2022.12', state='RUNNING'
2023-01-08 13:12:41,094 - freqtrade.worker - INFO - Bot heartbeat. PID=1, version='2022.12', state='RUNNING'
2023-01-08 13:13:41,129 - freqtrade.worker - INFO - Bot heartbeat. PID=1, version='2022.12', state='RUNNING'
2023-01-08 13:14:41,168 - freqtrade.worker - INFO - Bot heartbeat. PID=1, version='2022.12', state='RUNNING'
2023-01-08 13:15:16,754 - freqtrade.plugins.pairlistmanager - INFO - Whitelist with 20 pairs: ['BTC/USDT', 'BUSD/USDT', 'ETH/USDT', 'XRP/USDT', 'SOL/USDT', 'FET/USDT', 'ADA/USDT', 'LTC/USDT', 'GALA/USDT', 'ETC/USDT', 'DOGE/USDT', 'SAND/USDT', 'TRX/USDT', 'MATIC/USDT', 'OP/USDT', 'XMR/USDT', 'FIL/USDT', 'APE/USDT', 'LDO/USDT', 'CTXC/USDT']
2023-01-08 13:15:46,028 - freqtrade.worker - INFO - Bot heartbeat. PID=1, version='2022.12', state='RUNNING'
2023-01-08 13:16:46,061 - freqtrade.worker - INFO - Bot heartbeat. PID=1, version='2022.12', state='RUNNING'
2023-01-08 13:17:46,096 - freqtrade.worker - INFO - Bot heartbeat. PID=1, version='2022.12', state='RUNNING'
2023-01-08 13:18:46,130 - freqtrade.worker - INFO - Bot heartbeat. PID=1, version='2022.12', state='RUNNING'
2023-01-08 13:19:46,173 - freqtrade.worker - INFO - Bot heartbeat. PID=1, version='2022.12', state='RUNNING'
2023-01-08 13:20:51,032 - freqtrade.worker - INFO - Bot heartbeat. PID=1, version='2022.12', state='RUNNING'
2023-01-08 13:21:51,066 - freqtrade.worker - INFO - Bot heartbeat. PID=1, version='2022.12', state='RUNNING'
2023-01-08 13:22:51,101 - freqtrade.worker - INFO - Bot heartbeat. PID=1, version='2022.12', state='RUNNING'
2023-01-08 13:23:51,137 - freqtrade.worker - INFO - Bot heartbeat. PID=1, version='2022.12', state='RUNNING'
2023-01-08 13:24:51,182 - freqtrade.worker - INFO - Bot heartbeat. PID=1, version='2022.12', state='RUNNING'
2023-01-08 13:25:56,033 - freqtrade.worker - INFO - Bot heartbeat. PID=1, version='2022.12', state='RUNNING'
2023-01-08 13:26:56,068 - freqtrade.worker - INFO - Bot heartbeat. PID=1, version='2022.12', state='RUNNING'
2023-01-08 13:27:56,103 - freqtrade.worker - INFO - Bot heartbeat. PID=1, version='2022.12', state='RUNNING'
2023-01-08 13:28:56,139 - freqtrade.worker - INFO - Bot heartbeat. PID=1, version='2022.12', state='RUNNING'
